<?xml version="1.0" encoding="UTF-8"?>
<testsuite name="com.mindex.challenge.DataBootstrapTest" tests="1" skipped="0" failures="0" errors="0" timestamp="2022-04-08T10:48:33" hostname="DESKTOP-9DCG6SK" time="0.393">
  <properties/>
  <testcase name="test" classname="com.mindex.challenge.DataBootstrapTest" time="0.393"/>
  <system-out><![CDATA[06:48:30.876 [Test worker] DEBUG org.springframework.test.context.junit4.SpringJUnit4ClassRunner - SpringJUnit4ClassRunner constructor called with [class com.mindex.challenge.DataBootstrapTest]
06:48:30.882 [Test worker] DEBUG org.springframework.test.context.BootstrapUtils - Instantiating CacheAwareContextLoaderDelegate from class [org.springframework.test.context.cache.DefaultCacheAwareContextLoaderDelegate]
06:48:30.889 [Test worker] DEBUG org.springframework.test.context.BootstrapUtils - Instantiating BootstrapContext using constructor [public org.springframework.test.context.support.DefaultBootstrapContext(java.lang.Class,org.springframework.test.context.CacheAwareContextLoaderDelegate)]
06:48:30.915 [Test worker] DEBUG org.springframework.test.context.BootstrapUtils - Instantiating TestContextBootstrapper for test class [com.mindex.challenge.DataBootstrapTest] from class [org.springframework.boot.test.context.SpringBootTestContextBootstrapper]
06:48:30.927 [Test worker] INFO org.springframework.boot.test.context.SpringBootTestContextBootstrapper - Neither @ContextConfiguration nor @ContextHierarchy found for test class [com.mindex.challenge.DataBootstrapTest], using SpringBootContextLoader
06:48:30.930 [Test worker] DEBUG org.springframework.test.context.support.AbstractContextLoader - Did not detect default resource location for test class [com.mindex.challenge.DataBootstrapTest]: class path resource [com/mindex/challenge/DataBootstrapTest-context.xml] does not exist
06:48:30.930 [Test worker] DEBUG org.springframework.test.context.support.AbstractContextLoader - Did not detect default resource location for test class [com.mindex.challenge.DataBootstrapTest]: class path resource [com/mindex/challenge/DataBootstrapTestContext.groovy] does not exist
06:48:30.931 [Test worker] INFO org.springframework.test.context.support.AbstractContextLoader - Could not detect default resource locations for test class [com.mindex.challenge.DataBootstrapTest]: no resource found for suffixes {-context.xml, Context.groovy}.
06:48:30.931 [Test worker] INFO org.springframework.test.context.support.AnnotationConfigContextLoaderUtils - Could not detect default configuration classes for test class [com.mindex.challenge.DataBootstrapTest]: DataBootstrapTest does not declare any static, non-private, non-final, nested classes annotated with @Configuration.
06:48:30.963 [Test worker] DEBUG org.springframework.test.context.support.ActiveProfilesUtils - Could not find an 'annotation declaring class' for annotation type [org.springframework.test.context.ActiveProfiles] and class [com.mindex.challenge.DataBootstrapTest]
06:48:31.021 [Test worker] DEBUG org.springframework.context.annotation.ClassPathScanningCandidateComponentProvider - Identified candidate component class: file [C:\Users\Vigneshwaran-R\personal\interview\mindex\javaBackup\mindex-java-code-challenge\build\classes\java\main\com\mindex\challenge\ChallengeApplication.class]
06:48:31.023 [Test worker] INFO org.springframework.boot.test.context.SpringBootTestContextBootstrapper - Found @SpringBootConfiguration com.mindex.challenge.ChallengeApplication for test class com.mindex.challenge.DataBootstrapTest
06:48:31.092 [Test worker] DEBUG org.springframework.boot.test.context.SpringBootTestContextBootstrapper - @TestExecutionListeners is not present for class [com.mindex.challenge.DataBootstrapTest]: using defaults.
06:48:31.093 [Test worker] INFO org.springframework.boot.test.context.SpringBootTestContextBootstrapper - Loaded default TestExecutionListener class names from location [META-INF/spring.factories]: [org.springframework.boot.test.autoconfigure.restdocs.RestDocsTestExecutionListener, org.springframework.boot.test.autoconfigure.web.client.MockRestServiceServerResetTestExecutionListener, org.springframework.boot.test.autoconfigure.web.servlet.MockMvcPrintOnlyOnFailureTestExecutionListener, org.springframework.boot.test.autoconfigure.web.servlet.WebDriverTestExecutionListener, org.springframework.boot.test.mock.mockito.MockitoTestExecutionListener, org.springframework.boot.test.mock.mockito.ResetMocksTestExecutionListener, org.springframework.test.context.web.ServletTestExecutionListener, org.springframework.test.context.support.DirtiesContextBeforeModesTestExecutionListener, org.springframework.test.context.support.DependencyInjectionTestExecutionListener, org.springframework.test.context.support.DirtiesContextTestExecutionListener, org.springframework.test.context.transaction.TransactionalTestExecutionListener, org.springframework.test.context.jdbc.SqlScriptsTestExecutionListener, org.springframework.test.context.event.EventPublishingTestExecutionListener]
06:48:31.106 [Test worker] INFO org.springframework.boot.test.context.SpringBootTestContextBootstrapper - Using TestExecutionListeners: [org.springframework.test.context.web.ServletTestExecutionListener@a441a33, org.springframework.test.context.support.DirtiesContextBeforeModesTestExecutionListener@3a9d7af, org.springframework.boot.test.mock.mockito.MockitoTestExecutionListener@8ccba4c, org.springframework.boot.test.autoconfigure.SpringBootDependencyInjectionTestExecutionListener@cdde4b1, org.springframework.test.context.support.DirtiesContextTestExecutionListener@26e2f29b, org.springframework.test.context.transaction.TransactionalTestExecutionListener@6b3b5d47, org.springframework.test.context.jdbc.SqlScriptsTestExecutionListener@64894b6, org.springframework.test.context.event.EventPublishingTestExecutionListener@655300a2, org.springframework.boot.test.autoconfigure.restdocs.RestDocsTestExecutionListener@549440b9, org.springframework.boot.test.autoconfigure.web.client.MockRestServiceServerResetTestExecutionListener@65f4fe09, org.springframework.boot.test.autoconfigure.web.servlet.MockMvcPrintOnlyOnFailureTestExecutionListener@275b2b25, org.springframework.boot.test.autoconfigure.web.servlet.WebDriverTestExecutionListener@5a70797c, org.springframework.boot.test.mock.mockito.ResetMocksTestExecutionListener@2c177b03]
06:48:31.109 [Test worker] DEBUG org.springframework.test.annotation.ProfileValueUtils - Retrieved @ProfileValueSourceConfiguration [null] for test class [com.mindex.challenge.DataBootstrapTest]
06:48:31.109 [Test worker] DEBUG org.springframework.test.annotation.ProfileValueUtils - Retrieved ProfileValueSource type [class org.springframework.test.annotation.SystemProfileValueSource] for class [com.mindex.challenge.DataBootstrapTest]
06:48:31.113 [Test worker] DEBUG org.springframework.test.annotation.ProfileValueUtils - Retrieved @ProfileValueSourceConfiguration [null] for test class [com.mindex.challenge.DataBootstrapTest]
06:48:31.113 [Test worker] DEBUG org.springframework.test.annotation.ProfileValueUtils - Retrieved ProfileValueSource type [class org.springframework.test.annotation.SystemProfileValueSource] for class [com.mindex.challenge.DataBootstrapTest]
06:48:31.113 [Test worker] DEBUG org.springframework.test.annotation.ProfileValueUtils - Retrieved @ProfileValueSourceConfiguration [null] for test class [com.mindex.challenge.DataBootstrapTest]
06:48:31.113 [Test worker] DEBUG org.springframework.test.annotation.ProfileValueUtils - Retrieved ProfileValueSource type [class org.springframework.test.annotation.SystemProfileValueSource] for class [com.mindex.challenge.DataBootstrapTest]
06:48:31.116 [Test worker] DEBUG org.springframework.test.context.support.AbstractDirtiesContextTestExecutionListener - Before test class: context [DefaultTestContext@2fd68e5e testClass = DataBootstrapTest, testInstance = [null], testMethod = [null], testException = [null], mergedContextConfiguration = [WebMergedContextConfiguration@4d5caa1b testClass = DataBootstrapTest, locations = '{}', classes = '{class com.mindex.challenge.ChallengeApplication}', contextInitializerClasses = '[]', activeProfiles = '{}', propertySourceLocations = '{}', propertySourceProperties = '{org.springframework.boot.test.context.SpringBootTestContextBootstrapper=true}', contextCustomizers = set[org.springframework.boot.test.autoconfigure.properties.PropertyMappingContextCustomizer@0, org.springframework.boot.test.autoconfigure.web.servlet.WebDriverContextCustomizerFactory$Customizer@3d0f12ae, org.springframework.boot.test.context.filter.ExcludeFilterContextCustomizer@18e0ffc7, org.springframework.boot.test.json.DuplicateJsonObjectContextCustomizerFactory$DuplicateJsonObjectContextCustomizer@200514d3, org.springframework.boot.test.mock.mockito.MockitoContextCustomizer@0, org.springframework.boot.test.web.client.TestRestTemplateContextCustomizer@42a1eb24], resourceBasePath = 'src/main/webapp', contextLoader = 'org.springframework.boot.test.context.SpringBootContextLoader', parent = [null]], attributes = map['org.springframework.test.context.web.ServletTestExecutionListener.activateListener' -> true]], class annotated with @DirtiesContext [false] with mode [null].
06:48:31.118 [Test worker] DEBUG org.springframework.test.annotation.ProfileValueUtils - Retrieved @ProfileValueSourceConfiguration [null] for test class [com.mindex.challenge.DataBootstrapTest]
06:48:31.119 [Test worker] DEBUG org.springframework.test.annotation.ProfileValueUtils - Retrieved ProfileValueSource type [class org.springframework.test.annotation.SystemProfileValueSource] for class [com.mindex.challenge.DataBootstrapTest]
06:48:31.136 [Test worker] DEBUG org.springframework.test.context.support.TestPropertySourceUtils - Adding inlined properties to environment: {spring.jmx.enabled=false, org.springframework.boot.test.context.SpringBootTestContextBootstrapper=true, server.port=-1}

  .   ____          _            __ _ _
 /\\ / ___'_ __ _ _(_)_ __  __ _ \ \ \ \
( ( )\___ | '_ | '_| | '_ \/ _` | \ \ \ \
 \\/  ___)| |_)| | | | | || (_| |  ) ) ) )
  '  |____| .__|_| |_|_| |_\__, | / / / /
 =========|_|==============|___/=/_/_/_/
 :: Spring Boot ::        (v2.2.0.RELEASE)

2022-04-08 06:48:31.356  INFO 31412 --- [    Test worker] com.mindex.challenge.DataBootstrapTest   : Starting DataBootstrapTest on DESKTOP-9DCG6SK with PID 31412 (started by Vigneshwaran-R in C:\Users\Vigneshwaran-R\personal\interview\mindex\javaBackup\mindex-java-code-challenge)
2022-04-08 06:48:31.357 DEBUG 31412 --- [    Test worker] com.mindex.challenge.DataBootstrapTest   : Running with Spring Boot v2.2.0.RELEASE, Spring v5.2.0.RELEASE
2022-04-08 06:48:31.357  INFO 31412 --- [    Test worker] com.mindex.challenge.DataBootstrapTest   : No active profile set, falling back to default profiles: default
2022-04-08 06:48:31.743  INFO 31412 --- [    Test worker] .s.d.r.c.RepositoryConfigurationDelegate : Bootstrapping Spring Data repositories in DEFAULT mode.
2022-04-08 06:48:31.794  INFO 31412 --- [    Test worker] .s.d.r.c.RepositoryConfigurationDelegate : Finished Spring Data repository scanning in 46ms. Found 2 repository interfaces.
2022-04-08 06:48:32.840  INFO 31412 --- [    Test worker] de.bwaldvogel.mongo.MongoServer          : started MongoServer(port: 63106, ssl: false)
2022-04-08 06:48:32.888  INFO 31412 --- [    Test worker] org.mongodb.driver.cluster               : Cluster created with settings {hosts=[127.0.0.1:63106], mode=SINGLE, requiredClusterType=UNKNOWN, serverSelectionTimeout='30000 ms', maxWaitQueueSize=500}
2022-04-08 06:48:32.934  INFO 31412 --- [-server-worker1] d.b.mongo.wire.MongoWireProtocolHandler  : client [id: 0x3669410d, L:/127.0.0.1:63106 - R:/127.0.0.1:63107] connected
2022-04-08 06:48:32.979  INFO 31412 --- [127.0.0.1:63106] org.mongodb.driver.connection            : Opened connection [connectionId{localValue:1}] to 127.0.0.1:63106
2022-04-08 06:48:32.982  WARN 31412 --- [    Test worker] o.s.data.convert.CustomConversions       : Registering converter from class java.time.LocalDateTime to class java.time.Instant as reading converter although it doesn't convert from a store-supported type! You might wanna check you annotation setup at the converter implementation.
2022-04-08 06:48:32.982  INFO 31412 --- [127.0.0.1:63106] org.mongodb.driver.cluster               : Monitor thread successfully connected to server with description ServerDescription{address=127.0.0.1:63106, type=STANDALONE, state=CONNECTED, ok=true, version=ServerVersion{versionList=[3, 0, 0]}, minWireVersion=0, maxWireVersion=2, maxDocumentSize=16777216, logicalSessionTimeoutMinutes=null, roundTripTimeNanos=1135700}
2022-04-08 06:48:32.982  WARN 31412 --- [    Test worker] o.s.data.convert.CustomConversions       : Registering converter from class java.time.Instant to class java.time.LocalDateTime as reading converter although it doesn't convert from a store-supported type! You might wanna check you annotation setup at the converter implementation.
2022-04-08 06:48:32.986  WARN 31412 --- [    Test worker] o.s.data.convert.CustomConversions       : Registering converter from class java.time.LocalDateTime to class java.time.Instant as reading converter although it doesn't convert from a store-supported type! You might wanna check you annotation setup at the converter implementation.
2022-04-08 06:48:32.986  WARN 31412 --- [    Test worker] o.s.data.convert.CustomConversions       : Registering converter from class java.time.Instant to class java.time.LocalDateTime as reading converter although it doesn't convert from a store-supported type! You might wanna check you annotation setup at the converter implementation.
2022-04-08 06:48:33.130  INFO 31412 --- [    Test worker] m.c.i.MongoPersistentEntityIndexResolver : Found cycle for field 'employeeId' in type 'Employee' for path 'directReports -> directReports'
2022-04-08 06:48:33.130  INFO 31412 --- [    Test worker] m.c.i.MongoPersistentEntityIndexResolver : Found cycle for field 'employeeId' in type 'Employee' for path 'directReports -> directReports'
2022-04-08 06:48:33.132  INFO 31412 --- [    Test worker] m.c.i.MongoPersistentEntityIndexResolver : Found cycle for field 'directReports' in type 'Employee' for path 'directReports -> directReports'
2022-04-08 06:48:33.133  INFO 31412 --- [    Test worker] m.c.i.MongoPersistentEntityIndexResolver : Found cycle for field 'directReports' in type 'Employee' for path 'directReports -> directReports'
2022-04-08 06:48:33.273  INFO 31412 --- [-server-worker2] d.b.mongo.wire.MongoWireProtocolHandler  : client [id: 0x620163b3, L:/127.0.0.1:63106 - R:/127.0.0.1:63108] connected
2022-04-08 06:48:33.279  INFO 31412 --- [    Test worker] org.mongodb.driver.connection            : Opened connection [connectionId{localValue:2}] to 127.0.0.1:63106
2022-04-08 06:48:33.297  INFO 31412 --- [-server-worker2] d.b.mongo.backend.AbstractMongoBackend   : created database test
2022-04-08 06:48:33.304  INFO 31412 --- [-server-worker2] d.b.mongo.backend.AbstractMongoDatabase  : adding unique _id index for collection employee
2022-04-08 06:48:33.305  INFO 31412 --- [-server-worker2] d.b.mongo.backend.AbstractMongoDatabase  : created collection test.employee
2022-04-08 06:48:33.327  INFO 31412 --- [-server-worker2] d.b.mongo.backend.AbstractMongoDatabase  : adding unique _id index for collection Compensation
2022-04-08 06:48:33.327  INFO 31412 --- [-server-worker2] d.b.mongo.backend.AbstractMongoDatabase  : created collection test.Compensation
2022-04-08 06:48:33.608  INFO 31412 --- [    Test worker] o.s.s.concurrent.ThreadPoolTaskExecutor  : Initializing ExecutorService 'applicationTaskExecutor'
2022-04-08 06:48:33.780  WARN 31412 --- [    Test worker] o.s.data.convert.CustomConversions       : Registering converter from class java.time.LocalDateTime to class java.time.Instant as reading converter although it doesn't convert from a store-supported type! You might wanna check you annotation setup at the converter implementation.
2022-04-08 06:48:33.780  WARN 31412 --- [    Test worker] o.s.data.convert.CustomConversions       : Registering converter from class java.time.Instant to class java.time.LocalDateTime as reading converter although it doesn't convert from a store-supported type! You might wanna check you annotation setup at the converter implementation.
2022-04-08 06:48:33.812  WARN 31412 --- [    Test worker] o.s.data.convert.CustomConversions       : Registering converter from class java.time.LocalDateTime to class java.time.Instant as reading converter although it doesn't convert from a store-supported type! You might wanna check you annotation setup at the converter implementation.
2022-04-08 06:48:33.813  WARN 31412 --- [    Test worker] o.s.data.convert.CustomConversions       : Registering converter from class java.time.Instant to class java.time.LocalDateTime as reading converter although it doesn't convert from a store-supported type! You might wanna check you annotation setup at the converter implementation.
2022-04-08 06:48:33.881  INFO 31412 --- [    Test worker] com.mindex.challenge.DataBootstrapTest   : Started DataBootstrapTest in 2.738 seconds (JVM running for 4.601)
2022-04-08 06:48:34.277 DEBUG 31412 --- [    Test worker] c.m.c.service.impl.EmployeeServiceImpl   : Get employee details for this id [16a596ae-edd3-4847-99fe-c4518e82c86f]
]]></system-out>
  <system-err><![CDATA[]]></system-err>
</testsuite>
